[    0.000000] Initializing cgroup subsys cpuset
[    0.000000] Initializing cgroup subsys cpu
[    0.000000] Initializing cgroup subsys cpuacct
[    0.000000] Linux version 4.4.0-210-generic (buildd@lgw01-amd64-009) (gcc version 5.4.0 20160609 (Ubuntu 5.4.0-6ubuntu1~16.04.12) ) #242-Ubuntu SMP Fri Apr 16 09:57:56 UTC 2021 (Ubuntu 4.4.0-210.242-generic 4.4.262)
[    0.000000] Command line: BOOT_IMAGE=/boot/vmlinuz-4.4.0-210-generic root=LABEL=cloudimg-rootfs ro console=tty1 console=ttyS0
[    0.000000] KERNEL supported cpus:
[    0.000000]   Intel GenuineIntel
[    0.000000]   AMD AuthenticAMD
[    0.000000]   Centaur CentaurHauls
[    0.000000] [Firmware Bug]: TSC doesn't count with P0 frequency!
[    0.000000] x86/fpu: Legacy x87 FPU detected.
[    0.000000] e820: BIOS-provided physical RAM map:
[    0.000000] BIOS-e820: [mem 0x0000000000000000-0x000000000009fbff] usable
[    0.000000] BIOS-e820: [mem 0x000000000009fc00-0x000000000009ffff] reserved
[    0.000000] BIOS-e820: [mem 0x00000000000f0000-0x00000000000fffff] reserved
[    0.000000] BIOS-e820: [mem 0x0000000000100000-0x000000003ffeffff] usable
[    0.000000] BIOS-e820: [mem 0x000000003fff0000-0x000000003fffffff] ACPI data
[    0.000000] BIOS-e820: [mem 0x00000000fec00000-0x00000000fec00fff] reserved
[    0.000000] BIOS-e820: [mem 0x00000000fee00000-0x00000000fee00fff] reserved
[    0.000000] BIOS-e820: [mem 0x00000000fffc0000-0x00000000ffffffff] reserved
[    0.000000] NX (Execute Disable) protection: active
[    0.000000] SMBIOS 2.5 present.
[    0.000000] Hypervisor detected: KVM
[    0.000000] Kernel/User page tables isolation: disabled
[    0.000000] e820: last_pfn = 0x3fff0 max_arch_pfn = 0x400000000
[    0.000000] MTRR: Disabled
[    0.000000] x86/PAT: MTRRs disabled, skipping PAT initialization too.
[    0.000000] CPU MTRRs all blank - virtualized system.
[    0.000000] x86/PAT: Configuration [0-7]: WB  WT  UC- UC  WB  WT  UC- UC  
[    0.000000] found SMP MP-table at [mem 0x0009fff0-0x0009ffff] mapped at [ffff88000009fff0]
[    0.000000] Scanning 1 areas for low memory corruption
[    0.000000] RAMDISK: [mem 0x362dc000-0x37165fff]
[    0.000000] ACPI: Early table checksum verification disabled
[    0.000000] ACPI: RSDP 0x00000000000E0000 000024 (v02 VBOX  )
[    0.000000] ACPI: XSDT 0x000000003FFF0030 00003C (v01 VBOX   VBOXXSDT 00000001 ASL  00000061)
[    0.000000] ACPI: FACP 0x000000003FFF00F0 0000F4 (v04 VBOX   VBOXFACP 00000001 ASL  00000061)
[    0.000000] ACPI: DSDT 0x000000003FFF0610 002353 (v02 VBOX   VBOXBIOS 00000002 INTL 20100528)
[    0.000000] ACPI: FACS 0x000000003FFF0200 000040
[    0.000000] ACPI: FACS 0x000000003FFF0200 000040
[    0.000000] ACPI: APIC 0x000000003FFF0240 00005C (v02 VBOX   VBOXAPIC 00000001 ASL  00000061)
[    0.000000] ACPI: SSDT 0x000000003FFF02A0 00036C (v01 VBOX   VBOXCPUT 00000002 INTL 20100528)
[    0.000000] No NUMA configuration found
[    0.000000] Faking a node at [mem 0x0000000000000000-0x000000003ffeffff]
[    0.000000] NODE_DATA(0) allocated [mem 0x3ffeb000-0x3ffeffff]
[    0.000000] kvm-clock: Using msrs 4b564d01 and 4b564d00
[    0.000000] kvm-clock: cpu 0, msr 0:3ffe3001, primary cpu clock
[    0.000000] kvm-clock: using sched offset of 3677035850 cycles
[    0.000000] clocksource: kvm-clock: mask: 0xffffffffffffffff max_cycles: 0x1cd42e4dffb, max_idle_ns: 881590591483 ns
[    0.000000] Zone ranges:
[    0.000000]   DMA      [mem 0x0000000000001000-0x0000000000ffffff]
[    0.000000]   DMA32    [mem 0x0000000001000000-0x000000003ffeffff]
[    0.000000]   Normal   empty
[    0.000000]   Device   empty
[    0.000000] Movable zone start for each node
[    0.000000] Early memory node ranges
[    0.000000]   node   0: [mem 0x0000000000001000-0x000000000009efff]
[    0.000000]   node   0: [mem 0x0000000000100000-0x000000003ffeffff]
[    0.000000] Initmem setup node 0 [mem 0x0000000000001000-0x000000003ffeffff]
[    0.000000] ACPI: PM-Timer IO Port: 0x4008
[    0.000000] IOAPIC[0]: apic_id 2, version 32, address 0xfec00000, GSI 0-23
[    0.000000] ACPI: INT_SRC_OVR (bus 0 bus_irq 0 global_irq 2 dfl dfl)
[    0.000000] ACPI: INT_SRC_OVR (bus 0 bus_irq 9 global_irq 9 low level)
[    0.000000] Using ACPI (MADT) for SMP configuration information
[    0.000000] smpboot: Allowing 2 CPUs, 0 hotplug CPUs
[    0.000000] PM: Registered nosave memory: [mem 0x00000000-0x00000fff]
[    0.000000] PM: Registered nosave memory: [mem 0x0009f000-0x0009ffff]
[    0.000000] PM: Registered nosave memory: [mem 0x000a0000-0x000effff]
[    0.000000] PM: Registered nosave memory: [mem 0x000f0000-0x000fffff]
[    0.000000] e820: [mem 0x40000000-0xfebfffff] available for PCI devices
[    0.000000] Booting paravirtualized kernel on KVM
[    0.000000] clocksource: refined-jiffies: mask: 0xffffffff max_cycles: 0xffffffff, max_idle_ns: 7645519600211568 ns
[    0.000000] setup_percpu: NR_CPUS:512 nr_cpumask_bits:512 nr_cpu_ids:2 nr_node_ids:1
[    0.000000] PERCPU: Embedded 33 pages/cpu @ffff88003fc00000 s95192 r8192 d31784 u1048576
[    0.000000] Built 1 zonelists in Node order, mobility grouping on.  Total pages: 257912
[    0.000000] Policy zone: DMA32
[    0.000000] Kernel command line: BOOT_IMAGE=/boot/vmlinuz-4.4.0-210-generic root=LABEL=cloudimg-rootfs ro console=tty1 console=ttyS0
[    0.000000] PID hash table entries: 4096 (order: 3, 32768 bytes)
[    0.000000] Memory: 997792K/1048120K available (8644K kernel code, 1332K rwdata, 4044K rodata, 1492K init, 1164K bss, 50328K reserved, 0K cma-reserved)
[    0.000000] SLUB: HWalign=64, Order=0-3, MinObjects=0, CPUs=2, Nodes=1
[    0.000000] Hierarchical RCU implementation.
[    0.000000] 	Build-time adjustment of leaf fanout to 64.
[    0.000000] 	RCU restricting CPUs from NR_CPUS=512 to nr_cpu_ids=2.
[    0.000000] RCU: Adjusting geometry for rcu_fanout_leaf=64, nr_cpu_ids=2
[    0.000000] NR_IRQS:33024 nr_irqs:440 16
[    0.000000] Console: colour VGA+ 80x25
[    0.000000] console [tty1] enabled
[    0.000000] console [ttyS0] enabled
[    0.000000] tsc: Detected 1996.195 MHz processor
[    0.625335] Calibrating delay loop (skipped) preset value.. 3992.39 BogoMIPS (lpj=7984780)
[    0.633785] pid_max: default: 32768 minimum: 301
[    0.638391] ACPI: Core revision 20150930
[    0.643373] ACPI: 2 ACPI AML tables successfully acquired and loaded
[    0.650542] Security Framework initialized
[    0.657050] Yama: becoming mindful.
[    0.661838] AppArmor: AppArmor initialized
[    0.668081] Dentry cache hash table entries: 131072 (order: 8, 1048576 bytes)
[    0.682560] Inode-cache hash table entries: 65536 (order: 7, 524288 bytes)
[    0.693066] Mount-cache hash table entries: 2048 (order: 2, 16384 bytes)
[    0.700426] Mountpoint-cache hash table entries: 2048 (order: 2, 16384 bytes)
[    0.709461] Initializing cgroup subsys io
[    0.713810] Initializing cgroup subsys memory
[    0.719052] Initializing cgroup subsys devices
[    0.725372] Initializing cgroup subsys freezer
[    0.729813] Initializing cgroup subsys net_cls
[    0.735003] Initializing cgroup subsys perf_event
[    0.742024] Initializing cgroup subsys net_prio
[    0.749096] Initializing cgroup subsys hugetlb
[    0.753957] Initializing cgroup subsys pids
[    0.768183] mce: CPU supports 0 MCE banks
[    0.773286] Last level iTLB entries: 4KB 1024, 2MB 1024, 4MB 512
[    0.782318] Last level dTLB entries: 4KB 2048, 2MB 2048, 4MB 1024, 1GB 0
[    0.788550] Spectre V1 : Mitigation: usercopy/swapgs barriers and __user pointer sanitization
[    0.800773] Spectre V2 : Spectre mitigation: LFENCE not serializing, switching to generic retpoline
[    0.813122] Spectre V2 : Mitigation: Full generic retpoline
[    0.818703] Spectre V2 : Spectre v2 / SpectreRSB mitigation: Filling RSB on context switch
[    0.865444] Freeing SMP alternatives memory: 36K
[    0.956181] ftrace: allocating 32380 entries in 127 pages
[    1.554766] smpboot: APIC(0) Converting physical 0 to logical package 0
[    1.564827] smpboot: Max logical packages: 1
[    1.583640] ..TIMER: vector=0x30 apic1=0 pin1=2 apic2=-1 pin2=-1
[    1.698781] APIC calibration not consistent with PM-Timer: 102ms instead of 100ms
[    1.706183] APIC delta adjusted to PM-Timer: 6280963 (6431498)
[    1.712491] smpboot: CPU0: AMD Ryzen 7 4700U with Radeon Graphics (family: 0x17, model: 0x60, stepping: 0x1)
[    1.724397] Performance Events: Broken PMU hardware detected, using software events only.
[    1.732630] Failed to access perfctr msr (MSR c0010007 is 0)
[    1.823727] KVM setup paravirtual spinlock
[    1.831115] x86: Booting SMP configuration:
[    1.835667] .... node  #0, CPUs:      #1
[    1.841764] kvm-clock: cpu 1, msr 0:3ffe3041, secondary cpu clock
[    1.855288] mce: CPU supports 0 MCE banks
[    1.860437] TSC synchronization [CPU#0 -> CPU#1]:
[    1.865182] Measured 62900 cycles TSC warp between CPUs, turning off TSC clock.
[    1.871520] tsc: Marking TSC unstable due to check_tsc_sync_source failed
[    0.539046] x86: Booted up 1 node, 2 CPUs
[    0.540005] smpboot: Total of 2 processors activated (7984.78 BogoMIPS)
[    0.548893] devtmpfs: initialized
[    0.553671] evm: security.selinux
[    0.556005] evm: security.SMACK64
[    0.560002] evm: security.SMACK64EXEC
[    0.564004] evm: security.SMACK64TRANSMUTE
[    0.568006] evm: security.SMACK64MMAP
[    0.572014] evm: security.ima
[    0.574852] evm: security.capability
[    0.580119] clocksource: jiffies: mask: 0xffffffff max_cycles: 0xffffffff, max_idle_ns: 7645041785100000 ns
[    0.584061] futex hash table entries: 512 (order: 3, 32768 bytes)
[    0.592150] pinctrl core: initialized pinctrl subsystem
[    0.596461] RTC time: 13:32:48, date: 03/06/23
[    0.601520] NET: Registered protocol family 16
[    0.616009] cpuidle: using governor ladder
[    0.632028] cpuidle: using governor menu
[    0.636122] PCCT header not found.
[    0.642643] ACPI: bus type PCI registered
[    0.644007] acpiphp: ACPI Hot Plug PCI Controller Driver version: 0.5
[    0.648552] PCI: Using configuration type 1 for base access
[    0.652003] PCI: Using configuration type 1 for extended access
[    0.680232] ACPI: Added _OSI(Module Device)
[    0.684004] ACPI: Added _OSI(Processor Device)
[    0.688002] ACPI: Added _OSI(3.0 _SCP Extensions)
[    0.692013] ACPI: Added _OSI(Processor Aggregator Device)
[    0.700070] ACPI: Executed 1 blocks of module-level executable AML code
[    0.709902] ACPI: Interpreter enabled
[    0.712012] ACPI: (supports S0 S5)
[    0.716003] ACPI: Using IOAPIC for interrupt routing
[    0.720344] PCI: Using host bridge windows from ACPI; if necessary, use "pci=nocrs" and report a bug
[    0.733543] ACPI: PCI Root Bridge [PCI0] (domain 0000 [bus 00-ff])
[    0.736011] acpi PNP0A03:00: _OSC: OS supports [ExtendedConfig ASPM ClockPM Segments MSI]
[    0.744414] acpi PNP0A03:00: _OSC: platform does not support [PCIeCapability]
[    0.748635] acpi PNP0A03:00: _OSC: not requesting control; platform does not support [PCIeCapability]
[    0.752008] acpi PNP0A03:00: _OSC: OS requested [PCIeHotplug PME AER PCIeCapability]
[    0.756007] acpi PNP0A03:00: _OSC: platform willing to grant [PCIeHotplug PME AER]
[    0.760008] acpi PNP0A03:00: _OSC failed (AE_SUPPORT); disabling ASPM
[    0.764815] PCI host bridge to bus 0000:00
[    0.768006] pci_bus 0000:00: root bus resource [io  0x0000-0x0cf7 window]
[    0.772004] pci_bus 0000:00: root bus resource [io  0x0d00-0xffff window]
[    0.776006] pci_bus 0000:00: root bus resource [mem 0x000a0000-0x000bffff window]
[    0.780012] pci_bus 0000:00: root bus resource [mem 0x40000000-0xfdffffff window]
[    0.784009] pci_bus 0000:00: root bus resource [bus 00-ff]
[    0.797961] pci 0000:00:01.1: legacy IDE quirk: reg 0x10: [io  0x01f0-0x01f7]
[    0.800014] pci 0000:00:01.1: legacy IDE quirk: reg 0x14: [io  0x03f6]
[    0.804004] pci 0000:00:01.1: legacy IDE quirk: reg 0x18: [io  0x0170-0x0177]
[    0.808009] pci 0000:00:01.1: legacy IDE quirk: reg 0x1c: [io  0x0376]
[    0.835453] pci 0000:00:07.0: quirk: [io  0x4000-0x403f] claimed by PIIX4 ACPI
[    0.836046] pci 0000:00:07.0: quirk: [io  0x4100-0x410f] claimed by PIIX4 SMB
[    0.847210] ACPI: PCI Interrupt Link [LNKA] (IRQs 5 9 10 *11)
[    0.852117] ACPI: PCI Interrupt Link [LNKB] (IRQs 5 9 *10 11)
[    0.859015] ACPI: PCI Interrupt Link [LNKC] (IRQs 5 *9 10 11)
[    0.866157] ACPI: PCI Interrupt Link [LNKD] (IRQs 5 9 10 *11)
[    0.874460] ACPI: Enabled 2 GPEs in block 00 to 07
[    0.880051] vgaarb: setting as boot device: PCI:0000:00:02.0
[    0.884000] vgaarb: device added: PCI:0000:00:02.0,decodes=io+mem,owns=io+mem,locks=none
[    0.884009] vgaarb: loaded
[    0.888003] vgaarb: bridge control possible 0000:00:02.0
[    0.892125] SCSI subsystem initialized
[    0.896298] ACPI: bus type USB registered
[    0.900114] usbcore: registered new interface driver usbfs
[    0.904064] usbcore: registered new interface driver hub
[    0.908013] usbcore: registered new device driver usb
[    0.912463] PCI: Using ACPI for IRQ routing
[    0.924331] NetLabel: Initializing
[    0.932021] NetLabel:  domain hash size = 128
[    0.940008] NetLabel:  protocols = UNLABELED CIPSOv4
[    0.948028] NetLabel:  unlabeled traffic allowed by default
[    0.956147] amd_nb: Cannot enumerate AMD northbridges
[    0.964186] clocksource: Switched to clocksource kvm-clock
[    1.004079] AppArmor: AppArmor Filesystem Enabled
[    1.012366] pnp: PnP ACPI init
[    1.017652] pnp: PnP ACPI: found 3 devices
[    1.065844] clocksource: acpi_pm: mask: 0xffffff max_cycles: 0xffffff, max_idle_ns: 2085701024 ns
[    1.075555] NET: Registered protocol family 2
[    1.081355] TCP established hash table entries: 8192 (order: 4, 65536 bytes)
[    1.088662] TCP bind hash table entries: 8192 (order: 5, 131072 bytes)
[    1.095652] TCP: Hash tables configured (established 8192 bind 8192)
[    1.103082] UDP hash table entries: 512 (order: 2, 16384 bytes)
[    1.108821] UDP-Lite hash table entries: 512 (order: 2, 16384 bytes)
[    1.115460] NET: Registered protocol family 1
[    1.120222] pci 0000:00:00.0: Limiting direct PCI/PCI transfers
[    1.126015] pci 0000:00:01.0: Activating ISA DMA hang workarounds
[    1.132841] Unpacking initramfs...
[    1.160241] Freeing initrd memory: 14888K
[    1.513997] clocksource: tsc: mask: 0xffffffffffffffff max_cycles: 0x398c47f8f62, max_idle_ns: 881590782248 ns
[    1.532625] platform rtc_cmos: registered platform RTC device (no PNP device found)
[    1.541657] Scanning for low memory corruption every 60 seconds
[    1.550919] audit: initializing netlink subsys (disabled)
[    1.556168] audit: type=2000 audit(1678109573.757:1): initialized
[    1.562026] Initialise system trusted keyring
[    1.567874] HugeTLB registered 2 MB page size, pre-allocated 0 pages
[    1.576747] zbud: loaded
[    1.581647] VFS: Disk quotas dquot_6.6.0
[    1.585380] VFS: Dquot-cache hash table entries: 512 (order 0, 4096 bytes)
[    1.592347] squashfs: version 4.0 (2009/01/31) Phillip Lougher
[    1.599442] fuse init (API version 7.23)
[    1.604670] Key type big_key registered
[    1.608947] Allocating IMA MOK and blacklist keyrings.
[    1.626577] Key type asymmetric registered
[    1.630706] Asymmetric key parser 'x509' registered
[    1.635508] Block layer SCSI generic (bsg) driver version 0.4 loaded (major 249)
[    1.643421] io scheduler noop registered
[    1.647592] io scheduler deadline registered (default)
[    1.652736] io scheduler cfq registered
[    1.656427] pci_hotplug: PCI Hot Plug PCI Core version: 0.5
[    1.661693] pciehp: PCI Express Hot Plug Controller Driver version: 0.4
[    1.667916] ACPI: AC Adapter [AC] (on-line)
[    1.672441] input: Power Button as /devices/LNXSYSTM:00/LNXPWRBN:00/input/input0
[    1.679916] ACPI: Power Button [PWRF]
[    1.684230] input: Sleep Button as /devices/LNXSYSTM:00/LNXSLPBN:00/input/input1
[    1.691357] ACPI: Sleep Button [SLPF]
[    1.696830] GHES: HEST is not enabled!
[    1.699103] ACPI: Battery Slot [BAT0] (battery present)
[    1.707106] Serial: 8250/16550 driver, 32 ports, IRQ sharing enabled
[    1.739581] 00:02: ttyS0 at I/O 0x3f8 (irq = 4, base_baud = 115200) is a 16550A
[    1.765488] Linux agpgart interface v0.103
[    1.786392] loop: module loaded
[    1.793443] scsi host0: ata_piix
[    1.799517] scsi host1: ata_piix
[    1.803188] ata1: PATA max UDMA/33 cmd 0x1f0 ctl 0x3f6 bmdma 0xd000 irq 14
[    1.807033] ata2: PATA max UDMA/33 cmd 0x170 ctl 0x376 bmdma 0xd008 irq 15
[    1.816134] libphy: Fixed MDIO Bus: probed
[    1.820556] tun: Universal TUN/TAP device driver, 1.6
[    1.825544] tun: (C) 1999-2004 Max Krasnyansky <maxk@qualcomm.com>
[    1.831689] PPP generic driver version 2.4.2
[    1.836719] ehci_hcd: USB 2.0 'Enhanced' Host Controller (EHCI) Driver
[    1.842651] ehci-pci: EHCI PCI platform driver
[    1.847299] ehci-platform: EHCI generic platform driver
[    1.852648] ohci_hcd: USB 1.1 'Open' Host Controller (OHCI) Driver
[    1.858368] ohci-pci: OHCI PCI platform driver
[    1.863141] ohci-platform: OHCI generic platform driver
[    1.868233] uhci_hcd: USB Universal Host Controller Interface driver
[    1.875097] i8042: PNP: PS/2 Controller [PNP0303:PS2K,PNP0f03:PS2M] at 0x60,0x64 irq 1,12
[    1.887139] serio: i8042 KBD port at 0x60,0x64 irq 1
[    1.891741] serio: i8042 AUX port at 0x60,0x64 irq 12
[    1.899005] mousedev: PS/2 mouse device common for all mice
[    1.909684] rtc_cmos rtc_cmos: rtc core: registered rtc_cmos as rtc0
[    1.916441] input: AT Translated Set 2 keyboard as /devices/platform/i8042/serio0/input/input2
[    1.921024] rtc_cmos rtc_cmos: alarms up to one day, 114 bytes nvram
[    1.921041] i2c /dev entries driver
[    1.921126] device-mapper: uevent: version 1.0.3
[    1.921263] device-mapper: ioctl: 4.34.0-ioctl (2015-10-28) initialised: dm-devel@redhat.com
[    1.921280] ledtrig-cpu: registered to indicate activity on CPUs
[    1.922241] NET: Registered protocol family 10
[    1.922696] NET: Registered protocol family 17
[    1.922708] Key type dns_resolver registered
[    1.923041] registered taskstats version 1
[    1.923049] Loading compiled-in X.509 certificates
[    1.923459] Loaded X.509 cert 'Build time autogenerated kernel key: cf00e047681d67edb2720680708b7d9498083038'
[    1.923474] zswap: loaded using pool lzo/zbud
[    1.925160] Key type trusted registered
[    1.927577] Key type encrypted registered
[    1.927583] AppArmor: AppArmor sha1 policy hashing enabled
[    1.927585] ima: No TPM chip found, activating TPM-bypass!
[    1.927606] ima: Allocated hash algorithm: sha1
[    1.927615] evm: HMAC attrs: 0x1
[    1.928362]   Magic number: 15:287:533
[    1.928374] tty ttyS13: hash matches
[    1.930975] rtc_cmos rtc_cmos: setting system clock to 2023-03-06 13:32:50 UTC (1678109570)
[    1.931051] BIOS EDD facility v0.16 2004-Jun-25, 0 devices found
[    1.931051] EDD information not available.
[    2.044683] Freeing unused kernel memory: 1492K
[    2.052833] Write protecting the kernel read-only data: 14336k
[    2.059950] Freeing unused kernel memory: 1584K
[    2.065697] Freeing unused kernel memory: 52K
Loading, please wait...
starting version 229
[    2.102193] random: systemd-udevd: uninitialized urandom read (16 bytes read, 9 bits of entropy available)
[    2.103683] random: udevadm: uninitialized urandom read (16 bytes read, 9 bits of entropy available)
[    2.103716] random: udevadm: uninitialized urandom read (16 bytes read, 9 bits of entropy available)
[    2.113786] random: udevadm: uninitialized urandom read (16 bytes read, 9 bits of entropy available)
[    2.113832] random: udevadm: uninitialized urandom read (16 bytes read, 9 bits of entropy available)
[    2.113929] random: udevadm: uninitialized urandom read (16 bytes read, 9 bits of entropy available)
[    2.114032] random: udevadm: uninitialized urandom read (16 bytes read, 9 bits of entropy available)
[    2.114108] random: udevadm: uninitialized urandom read (16 bytes read, 9 bits of entropy available)
[    2.114145] random: udevadm: uninitialized urandom read (16 bytes read, 9 bits of entropy available)
[    2.114238] random: udevadm: uninitialized urandom read (16 bytes read, 9 bits of entropy available)
[    2.231343] e1000: Intel(R) PRO/1000 Network Driver - version 7.3.21-k8-NAPI
[    2.241275] e1000: Copyright (c) 1999-2006 Intel Corporation.
[    2.280499] Fusion MPT base driver 3.04.20
[    2.285241] Copyright (c) 1999-2008 LSI Corporation
[    2.299938] Fusion MPT SPI Host driver 3.04.20
[    2.312172] SSE version of gcm_enc/dec engaged.
[    2.490129] input: ImExPS/2 Generic Explorer Mouse as /devices/platform/i8042/serio1/input/input4
[    2.912910] e1000 0000:00:03.0 eth0: (PCI:33MHz:32-bit) 02:be:82:6b:cc:1d
[    2.920303] e1000 0000:00:03.0 eth0: Intel(R) PRO/1000 Network Connection
[    2.929575] mptbase: ioc0: Initiating bringup
[    2.930587] e1000 0000:00:03.0 enp0s3: renamed from eth0
[    3.327342] ioc0: LSI53C1030 A0: Capabilities={Initiator}
[    3.787385] scsi host2: ioc0: LSI53C1030 A0, FwRev=00000000h, Ports=1, MaxQ=256, IRQ=20
[    3.910810] scsi 2:0:0:0: Direct-Access     VBOX     HARDDISK         1.0  PQ: 0 ANSI: 5
[    3.919159] scsi target2:0:0: Beginning Domain Validation
[    3.933605] scsi target2:0:0: Domain Validation skipping write tests
[    3.939624] scsi target2:0:0: Ending Domain Validation
[    3.947445] scsi target2:0:0: asynchronous
[    3.955117] scsi 2:0:1:0: Direct-Access     VBOX     HARDDISK         1.0  PQ: 0 ANSI: 5
[    3.963102] scsi target2:0:1: Beginning Domain Validation
[    3.976101] scsi target2:0:1: Domain Validation skipping write tests
[    3.982030] scsi target2:0:1: Ending Domain Validation
[    3.988169] scsi target2:0:1: asynchronous
[    4.026222] sd 2:0:0:0: Attached scsi generic sg0 type 0
[    4.032419] sd 2:0:0:0: [sda] 83886080 512-byte logical blocks: (42.9 GB/40.0 GiB)
[    4.041334] sd 2:0:1:0: Attached scsi generic sg1 type 0
[    4.042137] sd 2:0:1:0: [sdb] 20480 512-byte logical blocks: (10.5 MB/10.0 MiB)
[    4.042517] sd 2:0:0:0: [sda] Write Protect is off
[    4.043330] sd 2:0:1:0: [sdb] Write Protect is off
[    4.043381] sd 2:0:0:0: [sda] Incomplete mode parameter data
[    4.043382] sd 2:0:0:0: [sda] Assuming drive cache: write through
[    4.043936] sd 2:0:1:0: [sdb] Incomplete mode parameter data
[    4.043937] sd 2:0:1:0: [sdb] Assuming drive cache: write through
[    4.058503]  sda: sda1
[    4.063253] sd 2:0:1:0: [sdb] Attached SCSI disk
[    4.063534] sd 2:0:0:0: [sda] Attached SCSI disk
Begin: Loading essential drivers ... [    5.670979] md: linear personality registered for level -1
[    5.681928] md: multipath personality registered for level -4
[    5.693764] md: raid0 personality registered for level 0
[    5.714038] md: raid1 personality registered for level 1
[    5.930273] raid6: sse2x1   gen() 25628 MB/s
[    7.929858] raid6: sse2x1   xor() 133593 MB/s
[    9.932258] raid6: sse2x2   gen() 276597 MB/s
[   10.939751] raid6: sse2x2   xor() 182253 MB/s
[   11.016230] raid6: sse2x4   gen() 16226 MB/s
[   11.090278] raid6: sse2x4   xor()  9092 MB/s
[   11.095735] raid6: using algorithm sse2x2 gen() 276597 MB/s
[   11.103358] raid6: .... xor() 182253 MB/s, rmw enabled
[   11.108673] raid6: using ssse3x2 recovery algorithm
[   11.116758] xor: measuring software checksum speed
[   11.223643]    prefetch64-sse: 45820.000 MB/sec
[   11.321031]    generic_sse: 38972.000 MB/sec
[   11.331943] xor: using function: prefetch64-sse (45820.000 MB/sec)
[   11.341795] async_tx: api initialized (async)
[   11.385603] md: raid6 personality registered for level 6
[   11.390786] md: raid5 personality registered for level 5
[   11.396506] md: raid4 personality registered for level 4
[   11.423293] md: raid10 personality registered for level 10
done.
Begin: Running /scripts/init-premount ... done.
Begin: Mounting root file system ... Begin: Running /scripts/local-top ... done.
Begin: Running /scripts/local-premount ... [   11.504607] Btrfs loaded
Scanning for Btrfs filesystems
done.
Warning: fsck not present, so skipping root file system
[   11.585798] EXT4-fs (sda1): mounted filesystem with ordered data mode. Opts: (null)
done.
Begin: Running /scripts/local-bottom ... done.
Begin: Running /scripts/init-bottom ... done.
[   11.793850] systemd[1]: systemd 229 running in system mode. (+PAM +AUDIT +SELINUX +IMA +APPARMOR +SMACK +SYSVINIT +UTMP +LIBCRYPTSETUP +GCRYPT +GNUTLS +ACL +XZ -LZ4 +SECCOMP +BLKID +ELFUTILS +KMOD -IDN)
[   11.811586] systemd[1]: Detected virtualization oracle.
[   11.816987] systemd[1]: Detected architecture x86-64.

Welcome to [1mUbuntu 16.04.7 LTS[0m!

[   11.831095] systemd[1]: Set hostname to <ubuntu>.
[   11.843019] systemd[1]: Initializing machine ID from random generator.
[   11.849008] systemd[1]: Installed transient /etc/machine-id file.
[   12.093890] systemd[1]: Reached target Swap.
[[0;32m  OK  [0m] Reached target Swap.
[   12.102888] systemd[1]: Listening on Journal Socket (/dev/log).
[[0;32m  OK  [0m] Listening on Journal Socket (/dev/log).
[   12.112084] systemd[1]: Started Trigger resolvconf update for networkd DNS.
[[0;32m  OK  [0m] Started Trigger resolvconf update for networkd DNS.
[   12.122615] systemd[1]: Listening on /dev/initctl Compatibility Named Pipe.
[[0;32m  OK  [0m] Listening on /dev/initctl Compatibility Named Pipe.
[   12.133167] systemd[1]: Listening on LVM2 metadata daemon socket.
[[0;32m  OK  [0m] Listening on LVM2 metadata daemon socket.
[   12.144505] systemd[1]: Listening on Journal Audit Socket.
[[0;32m  OK  [0m] Listening on Journal Audit Socket.
[   12.153186] systemd[1]: Set up automount Arbitrary Executable File Formats File System Automount Point.
[[0;32m  OK  [0m] Set up automount Arbitrary Executab...ats File System Automount Point.
[   12.165925] systemd[1]: Listening on Device-mapper event daemon FIFOs.
[[0;32m  OK  [0m] Listening on Device-mapper event daemon FIFOs.
[   12.177266] systemd[1]: Listening on Journal Socket.
[[0;32m  OK  [0m] Listening on Journal Socket.
[   12.185930] systemd[1]: Created slice System Slice.
[[0;32m  OK  [0m] Created slice System Slice.
[   12.209272] systemd[1]: Starting Monitoring of LVM2 mirrors, snapshots etc. using dmeventd or progress polling...
         Starting Monitoring of LVM2 mirrors... dmeventd or progress polling...
[   12.223656] systemd[1]: Starting Create list of required static device nodes for the current kernel...
         Starting Create list of required st... nodes for the current kernel...
[   12.240184] systemd[1]: Mounting Debug File System...
         Mounting Debug File System...
[   12.252824] systemd[1]: Starting Set console keymap...
         Starting Set console keymap...
[   12.265970] systemd[1]: Reached target Encrypted Volumes.
[[0;32m  OK  [0m] Reached target Encrypted Volumes.
[   12.297003] systemd[1]: Mounting Huge Pages File System...
         Mounting Huge Pages File System...
[   12.311561] systemd[1]: Reached target System Time Synchronized.
[[0;32m  OK  [0m] Reached target System Time Synchronized.
[   12.323508] systemd[1]: Listening on udev Control Socket.
[[0;32m  OK  [0m] Listening on udev Control Socket.
[   12.335269] systemd[1]: Listening on Syslog Socket.
[[0;32m  OK  [0m] [   12.343554] random: nonblocking pool is initialized
Listening on Syslog Socket.
[   12.351427] systemd[1]: Reached target User and Group Name Lookups.
[[0;32m  OK  [0m] Reached target User and Group Name Lookups.
[   12.373058] systemd[1]: Starting Uncomplicated firewall...
         Starting Uncomplicated firewall...
[   12.386680] systemd[1]: Listening on LVM2 poll daemon socket.
[[0;32m  OK  [0m] Listening on LVM2 poll daemon socket.
[   12.399412] systemd[1]: Listening on udev Kernel Socket.
[[0;32m  OK  [0m] Listening on udev Kernel Socket.
[   12.412786] systemd[1]: Starting Nameserver information manager...
         Starting Nameserver information manager...
[   12.424129] systemd[1]: Created slice system-serial\x2dgetty.slice.
[[0;32m  OK  [0m] Created slice system-serial\x2dgetty.slice.
[   12.436008] systemd[1]: Started Forward Password Requests to Wall Directory Watch.
[[0;32m  OK  [0m] Started Forward Password Requests to Wall Directory Watch.
[   12.449959] systemd[1]: Starting Journal Service...
         Starting Journal Service...
[   12.465128] systemd[1]: Starting Load Kernel Modules...
         Starting Load Kernel Modules...
[   12.482305] systemd[1]: Listening on fsck to fsckd communication Socket.
[[0;32m  OK  [0m] Listening on fsck to fsckd communication Socket.
[   12.497222] systemd[1]: Starting File System Check on Root Device...
         Starting File System Check on Root Device...[   12.510560] Loading iSCSI transport class v2.0-870.

[   12.516402] systemd[1]: Created slice User and Session Slice.
[[0;32m  OK  [0m] Created slice User and Session Slice.
[   12.530677] systemd[1]: Reached target Slices.
[[0;32m  OK  [0m] Reached target Slices.
[   12.547216] iscsi: registered transport (tcp)
[   12.560293] systemd[1]: Mounting POSIX Message Queue File System...
         Mounting POSIX Message Queue File System...
[   12.572486] systemd[1]: Mounted Huge Pages File System.
[[0;32m  OK  [0m] Mounted Huge Pages File System.
[   12.589747] systemd[1]: Mounted POSIX Message Queue File System.
[[0;32m  OK  [0m] Mounted POSIX Message Queue File System.
[   12.605890] systemd[1]: Mounted Debug File System.
[[0;32m  OK  [0m] Mounted Debug File System.
[   12.621475] systemd[1]: Started Journal Service.
[[0;32m  OK  [0m] Started Journal Service.
[[0;32m  OK  [0m] Started Create list of required sta...ce nodes for the current kernel.
[[0;32m  OK  [0m] Started Set console keymap.
[[0;32m  OK  [0m] Started Uncomplicated firewall.
[   12.669133] iscsi: registered transport (iser)
[[0;32m  OK  [0m] Started Load Kernel Modules.
[[0;32m  OK  [0m] Started File System Check on Root Device.
[[0;32m  OK  [0m] Started Nameserver information manager.
[[0;32m  OK  [0m] Started File System Check Daemon to report status.
[[0;32m  OK  [0m] Started LVM2 metadata daemon.
         Starting Remount Root and Kernel File Systems...
         Mounting FUSE Control File System...
[   12.749150] EXT4-fs (sda1): re-mounted. Opts: (null)
         Starting Apply Kernel Variables...
         Starting Create Static Device Nodes in /dev...
[[0;32m  OK  [0m] Mounted FUSE Control File System.
[[0;32m  OK  [0m] Started Remount Root and Kernel File Systems.
         Starting Flush Journal to Persistent Storage...
         Starting Load/Save Random Seed...
         Starting udev Coldplug all Devices...
[[0;32m  OK  [0m] Started Load/Save Random Seed.
[   12.802355] systemd-journald[412]: Received request to flush runtime journal from PID 1
[[0;32m  OK  [0m] Started Apply Kernel Variables.
[[0;32m  OK  [0m] Started Flush Journal to Persistent Storage.
[[0;32m  OK  [0m] Started Create Static Device Nodes in /dev.
         Starting udev Kernel Device Manager...
[[0;32m  OK  [0m] Started udev Coldplug all Devices.
[[0;32m  OK  [0m] Started udev Kernel Device Manager.
[[0;32m  OK  [0m] Started Dispatch Password Requests to Console Directory Watch.
[[0;32m  OK  [0m] Found device /dev/ttyS0.
[[0;32m  OK  [0m] Started Monitoring of LVM2 mirrors,...ng dmeventd or progress polling.
[[0;32m  OK  [0m] Reached target Local File Systems (Pre).
[[0;32m  OK  [0m] Reached target Local File Systems.
         Starting Tell Plymouth To Write Out Runtime Data...
         Starting LSB: AppArmor initialization...
         Starting Commit a transient machine-id on disk...
         Starting Set console font and keymap...
         Starting Initial cloud-init job (pre-networking)...
         Starting Create Volatile Files and Directories...
[[0;32m  OK  [0m] Started Tell Plymouth To Write Out Runtime Data.
[[0;32m  OK  [0m] Started Commit a transient machine-id on disk.
[[0;32m  OK  [0m] Started Create Volatile Files and Directories.
[[0;32m  OK  [0m] Listening on Load/Save RF Kill Switch Status /dev/rfkill Watch.
         Starting Update UTMP about System Boot/Shutdown...
[[0;32m  OK  [0m] Started Update UTMP about System Boot/Shutdown.
[[0;32m  OK  [0m] Started LSB: AppArmor initialization.
         Starting Load AppArmor profiles managed internally by snapd...
[[0;32m  OK  [0m] Started Load AppArmor profiles managed internally by snapd.
[[0;32m  OK  [0m] Started Set console font and keymap.
[[0;32m  OK  [0m] Created slice system-getty.slice.
[   15.529441] cloud-init[565]: Cloud-init v. 21.1-19-gbad84ad4-0ubuntu1~16.04.2 running 'init-local' at Mon, 06 Mar 2023 13:33:03 +0000. Up 15.24 seconds.
[[0;32m  OK  [0m] Started Initial cloud-init job (pre-networking).
[[0;32m  OK  [0m] Reached target Network (Pre).
         Starting Raise network interfaces...
[[0;32m  OK  [0m] Started Raise network interfaces.
[[0;32m  OK  [0m] Reached target Network.
         Starting Initial cloud-init job (metadata service crawler)...
[   17.919522] cloud-init[967]: Cloud-init v. 21.1-19-gbad84ad4-0ubuntu1~16.04.2 running 'init' at Mon, 06 Mar 2023 13:33:04 +0000. Up 16.18 seconds.
[   17.925546] cloud-init[967]: ci-info: ++++++++++++++++++++++++++++++++++++++Net device info++++++++++++++++++++++++++++++++++++++
[   17.930969] cloud-init[967]: ci-info: +--------+------+----------------------------+---------------+--------+-------------------+
[   17.936917] cloud-init[967]: ci-info: | Device |  Up  |          Address           |      Mask     | Scope  |     Hw-Address    |
[   17.944235] cloud-init[967]: ci-info: +--------+------+----------------------------+---------------+--------+-------------------+
[   17.949896] cloud-init[967]: ci-info: | enp0s3 | True |         10.0.2.15          | 255.255.255.0 | global | 02:be:82:6b:cc:1d |
[   17.955828] cloud-init[967]: ci-info: | enp0s3 | True | fe80::be:82ff:fe6b:cc1d/64 |       .       |  link  | 02:be:82:6b:cc:1d |
[   17.961759] cloud-init[967]: ci-info: |   lo   | True |         127.0.0.1          |   255.0.0.0   |  host  |         .         |
[   17.968081] cloud-init[967]: ci-info: |   lo   | True |          ::1/128           |       .       |  host  |         .         |
[   17.974300] cloud-init[967]: ci-info: +--------+------+----------------------------+---------------+--------+-------------------+
[   17.980301] cloud-init[967]: ci-info: +++++++++++++++++++++++++++Route IPv4 info++++++++++++++++++++++++++++
[   17.986129] cloud-init[967]: ci-info: +-------+-------------+----------+---------------+-----------+-------+
[   17.991109] cloud-init[967]: ci-info: | Route | Destination | Gateway  |    Genmask    | Interface | Flags |
[   17.996380] cloud-init[967]: ci-info: +-------+-------------+----------+---------------+-----------+-------+
[   18.001923] cloud-init[967]: ci-info: |   0   |   0.0.0.0   | 10.0.2.2 |    0.0.0.0    |   enp0s3  |   UG  |
[   18.006981] cloud-init[967]: ci-info: |   1   |   10.0.2.0  | 0.0.0.0  | 255.255.255.0 |   enp0s3  |   U   |
[   18.013085] cloud-init[967]: ci-info: +-------+-------------+----------+---------------+-----------+-------+
[   18.017989] cloud-init[967]: ci-info: +++++++++++++++++++Route IPv6 info+++++++++++++++++++
[   18.022315] cloud-init[967]: ci-info: +-------+-------------+---------+-----------+-------+
[   18.026796] cloud-init[967]: ci-info: | Route | Destination | Gateway | Interface | Flags |
[   18.031291] cloud-init[967]: ci-info: +-------+-------------+---------+-----------+-------+
[   18.036250] cloud-init[967]: ci-info: |   0   |  fe80::/64  |    ::   |   enp0s3  |   U   |
[   18.041127] cloud-init[967]: ci-info: |   3   |   ff00::/8  |    ::   |   enp0s3  |   U   |
[   18.045761] cloud-init[967]: ci-info: +-------+-------------+---------+-----------+-------+
[   18.050311] cloud-init[967]: Generating public/private rsa key pair.
[   18.054581] cloud-init[967]: Your identification has been saved in /etc/ssh/ssh_host_rsa_key.
[   18.059012] cloud-init[967]: Your public key has been saved in /etc/ssh/ssh_host_rsa_key.pub.
[   18.063668] cloud-init[967]: The key fingerprint is:
[   18.067149] cloud-init[967]: SHA256:RHw2tf6sTd3+ZHjxfg5OywlHnYRX84j9I9Q07CyakBA root@ubuntu-xenial
[   18.072612] cloud-init[967]: The key's randomart image is:
[   18.077096] cloud-init[967]: +---[RSA 2048]----+
[   18.081390] cloud-init[967]: |       Eo  .. .+.|
[   18.085453] cloud-init[967]: |       o. +  ++o=|
[   18.088906] cloud-init[967]: |        oo..oo=+.|
[   18.092119] cloud-init[967]: |       . o ...o=.|
[[0;32m  OK  [0m] Started Initial cloud-init job (metadata service crawler).
[[0;32m  OK  [0m] Reached target System Initialization.
         Starting Socket activation for snappy daemon.
[[0;32m  OK  [0m] Started Ubuntu Advantage update messaging.
[[0;32m  OK  [0m] Listening on UUID daemon activation socket.
[[0;32m  OK  [0m] Listening on D-Bus System Message Bus Socket.
[[0;32m  OK  [0m] Started Daily apt download activities.
[[0;32m  OK  [0m] Started Daily apt upgrade and clean activities.
[   18.095403] cloud-init[967]: |        S . +.o+o|
[   18.115114] cloud-init[967]: |           o +.o=|
[   18.119187] cloud-init[967]: |            . O B|
[   18.120451] cloud-init[967]: |             X X.|
[   18.120894] cloud-init[967]: |            . *.B|
[   18.121345] cloud-init[967]: +----[SHA256]-----+
[   18.121813] cloud-init[967]: Generating public/private dsa key pair.
[   18.122137] cloud-init[967]: Your identification has been saved in /etc/ssh/ssh_host_dsa_key.
[   18.122569] cloud-init[967]: Your public key has been saved in /etc/ssh/ssh_host_dsa_key.pub.
[   18.122898] cloud-init[967]: The key fingerprint is:
[   18.123292] cloud-init[967]: SHA256:CikmRZHWLrh1NjlnZ9ouCPnkP7d9SgI1eBWzi2qJRFw root@ubuntu-xenial
[   18.123819] cloud-init[967]: The key's randomart image is:
[   18.124605] cloud-init[967]: +---[DSA 1024]----+
[   18.124977] cloud-init[967]: |  o+  E   +.     |
[   18.125440] cloud-init[967]: | .o... . . o     |
[   18.126167] cloud-init[967]: | o..o.. + .      |
[   18.126757] cloud-init[967]: |..o.B.oooo .     |
[   18.127141] cloud-init[967]: |.oo=+=.=S .      |
[   18.127511] cloud-init[967]: |.ooo.o.=.        |
[   18.127950] cloud-init[967]: |   =..=.. .      |
[   18.128819] cloud-init[967]: |    +.o o+  .    |
[   18.129218] cloud-init[967]: |     ..+..oo     |
[   18.129578] cloud-init[967]: +----[SHA256]-----+
[   18.129949] cloud-init[967]: Generating public/private ecdsa key pair.
[   18.130445] cloud-init[967]: Your identification has been saved in /etc/ssh/ssh_host_ecdsa_key.
[   18.130792] cloud-init[967]: Your public key has been saved in /etc/ssh/ssh_host_ecdsa_key.pub.
[   18.131193] cloud-init[967]: The key fingerprint is:
[   18.131687] cloud-init[967]: SHA256:ytOKK//XLRZgh0WJaC2fL8VUk0Df53Jjo0Qwy03d86o root@ubuntu-xenial
[   18.132237] cloud-init[967]: The key's randomart image is:
[   18.132553] cloud-init[967]: +---[ECDSA 256]---+
[   18.132881] cloud-init[967]: |       o ++*oo. .|
[   18.133271] cloud-init[967]: |      + o =.Bo o.|
[   18.133706] cloud-init[967]: |     . o * o.o. +|
[   18.134139] cloud-init[967]: |        * + .  o.|
[   18.134581] cloud-init[967]: |       .S=   ..=o|
[   18.135261] cloud-init[967]: |     . o. o . +oo|
[   18.135416] cloud-init[967]: |      + .o o o   |
[   18.135982] cloud-init[967]: |  .  . o. + E    |
[   18.136996] cloud-init[967]: |   o+oo. . .     |
[   18.137328] cloud-init[967]: +----[SHA256]-----+
[   18.137845] cloud-init[967]: Generating public/private ed25519 key pair.
[   18.138129] cloud-init[967]: Your identification has been saved in /etc/ssh/ssh_host_ed25519_key.
[   18.138555] cloud-init[967]: Your public key has been saved in /etc/ssh/ssh_host_ed25519_key.pub.
[   18.138898] cloud-init[967]: The key fingerprint is:
[   18.139278] cloud-init[967]: SHA256:glzPIWUrStO7vqpnfTQVwRcyoAQcTYirEWE6MaNEckw root@ubuntu-xenial
[   18.139771] cloud-init[967]: The key's randomart image is:
[   18.140735] cloud-init[967]: +--[ED25519 256]--+
[   18.141039] cloud-init[967]: |BBEoo*o +o+...   |
[   18.141582] cloud-init[967]: |B=o oo.+ .oo.    |
[   18.141764] cloud-init[967]: |+. .o * o  o     |
[   18.142283] cloud-init[967]: |...o = * ..      |
[   18.142560] cloud-init[967]: | o  + o S.       |
[   18.143004] cloud-init[967]: |.      oo        |
[   18.143436] cloud-init[967]: |     ... .       |
[   18.143766] cloud-init[967]: |    o.. .        |
[   18.144721] cloud-init[967]: |  .+..oo         |
[   18.145095] cloud-init[967]: +----[SHA256]-----+
[[0;32m  OK  [0m] Started ACPI Events Check.
[[0;32m  OK  [0m] Reached target Paths.
         Starting LXD - unix socket.
[[0;32m  OK  [0m] Started Daily Cleanup of Temporary Directories.
[[0;32m  OK  [0m] Listening on ACPID Listen Socket.
[[0;32m  OK  [0m] Started Message of the Day.
[[0;32m  OK  [0m] Reached target Timers.
[[0;32m  OK  [0m] Reached target Network is Online.
         Starting iSCSI initiator daemon (iscsid)...
[[0;32m  OK  [0m] Reached target Cloud-config availability.
[[0;32m  OK  [0m] Listening on Socket activation for snappy daemon.
[[0;32m  OK  [0m] Listening on LXD - unix socket.
[[0;32m  OK  [0m] Reached target Sockets.
[[0;32m  OK  [0m] Reached target Basic System.
[[0;32m  OK  [0m] Started Regular background program processing daemon.
         Starting LSB: MD monitoring daemon...
         Starting System Logging Service...
[[0;32m  OK  [0m] Started Deferred execution scheduler.
[[0;32m  OK  [0m] Started FUSE filesystem for LXC.
         Starting Login Service...
[[0;32m  OK  [0m] Started D-Bus System Message Bus.
         Starting LXD - container startup/shutdown...
         Starting Pollinate to seed the pseudo random number generator...
[[0;32m  OK  [0m] Started ACPI event daemon.
         Starting LSB: Record successful boot for GRUB...
         Starting Virtualbox guest utils...
         Starting Accounts Service...
         Starting /etc/rc.local Compatibility...
         Starting Snap Daemon...
[[0;32m  OK  [0m] Started System Logging Service.
[[0;32m  OK  [0m] Started /etc/rc.local Compatibility.
[[0;32m  OK  [0m] Started iSCSI initiator daemon (iscsid).
         Starting Login to default iSCSI targets...
[[0;32m  OK  [0m] Started Login Service.
[[0;32m  OK  [0m] Started Unattended Upgrades Shutdown.
[[0;32m  OK  [0m] Started LSB: MD monitoring daemon.
[[0;32m  OK  [0m] Started LSB: Record successful boot for GRUB.
[[0;32m  OK  [0m] Started Login to default iSCSI targets.
[[0;32m  OK  [0m] Reached target Remote File Systems (Pre).
[[0;32m  OK  [0m] Reached target Remote File Systems.
         Starting LSB: daemon to balance interrupts for SMP systems...
         Starting LSB: Set the CPU Frequency Scaling governor to "ondemand"...
         Starting LSB: automatic crash report generation...
         Starting Permit User Sessions...
         Starting Authenticate and Authorize Users to Run Privileged Tasks...
[[0;32m  OK  [0m] Started Permit User Sessions.
[[0;32m  OK  [0m] Started LXD - container startup/shutdown.
         Starting Terminate Plymouth Boot Screen...
         Starting Hold until boot process finishes up...
[[0;32m  OK  [0m] Started Terminate Plymouth Boot Screen.
[[0;32m  OK  [0m] Started Hold until boot process finishes up.
[[0;32m  OK  [0m] Started Authenticate and Authorize Users to Run Privileged Tasks.
[[0;32m  OK  [0m] Started Accounts Service.
         Starting Set console scheme...
[[0;32m  OK  [0m] Started Getty on tty1.
[[0;32m  OK  [0m] Started Serial Getty on ttyS0.
[[0;32m  OK  [0m] Reached target Login Prompts.
[[0;32m  OK  [0m] Started Virtualbox guest utils.
[[0;32m  OK  [0m] Started LSB: daemon to balance interrupts for SMP systems.
[[0;32m  OK  [0m] Started LSB: Set the CPU Frequency Scaling governor to "ondemand".
[[0;32m  OK  [0m] Started LSB: automatic crash report generation.
[[0;32m  OK  [0m] Started Set console scheme.
[[0;32m  OK  [0m] Started Pollinate to seed the pseudo random number generator.
         Starting OpenBSD Secure Shell server...
[[0;32m  OK  [0m] Started OpenBSD Secure Shell server.
[[0;32m  OK  [0m] Started Snap Daemon.
         Starting Wait until snapd is fully seeded...
[[0;32m  OK  [0m] Created slice User Slice of vagrant.
         Starting User Manager for UID 1000...
[[0;32m  OK  [0m] Started Session 1 of user vagrant.
[[0;32m  OK  [0m] Started User Manager for UID 1000.
[[0;32m  OK  [0m] Started Wait until snapd is fully seeded.
         Starting Apply the settings specified in cloud-config...
[[0;32m  OK  [0m] Reached target Multi-User System.
[[0;32m  OK  [0m] Reached target Graphical Interface.
         Starting Update UTMP about System Runlevel Changes...
[[0;32m  OK  [0m] Started Update UTMP about System Runlevel Changes.
[   21.328964] cloud-init[1387]: Generating locales (this might take a while)...
[   22.394737] cloud-init[1387]:   en_US.UTF-8... done
[   22.398440] cloud-init[1387]: Generation complete.
[   22.884687] cloud-init[1387]: Cloud-init v. 21.1-19-gbad84ad4-0ubuntu1~16.04.2 running 'modules:config' at Mon, 06 Mar 2023 13:33:09 +0000. Up 21.15 seconds.
[[0;32m  OK  [0m] Started Apply the settings specified in cloud-config.
         Starting Execute cloud user/final scripts...
ci-info: no authorized SSH keys fingerprints found for user ubuntu.
<14>Mar  6 13:33:11 ec2: 
<14>Mar  6 13:33:11 ec2: #############################################################
<14>Mar  6 13:33:11 ec2: -----BEGIN SSH HOST KEY FINGERPRINTS-----
<14>Mar  6 13:33:11 ec2: 1024 SHA256:CikmRZHWLrh1NjlnZ9ouCPnkP7d9SgI1eBWzi2qJRFw root@ubuntu-xenial (DSA)
<14>Mar  6 13:33:11 ec2: 256 SHA256:ytOKK//XLRZgh0WJaC2fL8VUk0Df53Jjo0Qwy03d86o root@ubuntu-xenial (ECDSA)
<14>Mar  6 13:33:11 ec2: 256 SHA256:glzPIWUrStO7vqpnfTQVwRcyoAQcTYirEWE6MaNEckw root@ubuntu-xenial (ED25519)
<14>Mar  6 13:33:11 ec2: 2048 SHA256:RHw2tf6sTd3+ZHjxfg5OywlHnYRX84j9I9Q07CyakBA root@ubuntu-xenial (RSA)
<14>Mar  6 13:33:11 ec2: -----END SSH HOST KEY FINGERPRINTS-----
<14>Mar  6 13:33:11 ec2: #############################################################
-----BEGIN SSH HOST KEY KEYS-----
ecdsa-sha2-nistp256 AAAAE2VjZHNhLXNoYTItbmlzdHAyNTYAAAAIbmlzdHAyNTYAAABBBGX/tVtUygrob2S4bL9NXjSS5JHM1veVx5mVeo7g0b2Gawf+nZR8W02ifBN/+pvVoNTQqSUshr/ti3AhMR6N/UA= root@ubuntu-xenial
ssh-ed25519 AAAAC3NzaC1lZDI1NTE5AAAAIM06/DR/eET5PdwB7EtpBFgpk19H9mMq+DXHgjjHq6+9 root@ubuntu-xenial
ssh-rsa AAAAB3NzaC1yc2EAAAADAQABAAABAQCv5yf25zgciwnyKbqNGhy4zJlHovCBzzxlbyXp/NrVPyilumAI3aIIH+fgPDD7OMEB3gtGczPsPCqvxOWk2jlpawc64DGyLrnJIA+qx7EndxiAyyKS1ghUusF20Uy01jYsps2olbNrt/fasrQDE4q7bFSMDhFQ9zCKMp0mzAoTMXCUI0Zy4ymJHE2YIpPJsuAe2JWuEa+EzPSUkw5rrGJt4yiXWrcZ+V2nui3m3e6XALKxD6u9SrpJOQJcG1MlxI8gF4/rQpyqwoYgbp5BOImBoovg5kAam41USM3ZGN0u8LuEM1eWspek3kGg7TJ8Evu7XNsunGIY6i80KXHG7pRr root@ubuntu-xenial
-----END SSH HOST KEY KEYS-----
[   23.464374] cloud-init[1554]: Cloud-init v. 21.1-19-gbad84ad4-0ubuntu1~16.04.2 running 'modules:final' at Mon, 06 Mar 2023 13:33:11 +0000. Up 23.19 seconds.
[   23.474443] cloud-init[1554]: ci-info: no authorized SSH keys fingerprints found for user ubuntu.
[   23.482819] cloud-init[1554]: Cloud-init v. 21.1-19-gbad84ad4-0ubuntu1~16.04.2 finished at Mon, 06 Mar 2023 13:33:12 +0000. Datasource DataSourceNoCloud [seed=/dev/sdb][dsmode=net].  Up 23.45 seconds
[[0;32m  OK  [0m] Started Execute cloud user/final scripts.
[[0;32m  OK  [0m] Reached target Cloud-init target.

Ubuntu 16.04.7 LTS ubuntu-xenial ttyS0

ubuntu-xenial login: 